This is pdfTeX, Version 3.1415926-2.5-1.40.14 (TeX Live 2013/Debian) (format=pdflatex 2014.9.1)  16 OCT 2014 09:30
entering extended mode
 restricted \write18 enabled.
 %&-line parsing enabled.
**JLA.tex
(./JLA.tex
LaTeX2e <2011/06/27>
Babel <3.9h> and hyphenation patterns for 78 languages loaded.
(/usr/share/texmf/tex/latex/beamer/base/beamer.cls
(/usr/share/texmf/tex/latex/beamer/base/beamerbasercs.sty
Package: beamerbasercs 2012/11/13 (rcs-revision cb16a617839f)
)
Document Class: beamer 2012/10/15 development version 3.24 A class for typesett
ing presentations (rcs-revision 24853e6b98cf)
(/usr/share/texmf/tex/latex/beamer/base/beamerbasemodes.sty
Package: beamerbasemodes 2012/04/15 (rcs-revision cc6557182d97)
\beamer@tempbox=\box26
\beamer@tempcount=\count79
\c@beamerpauses=\count80

(/usr/share/texmf/tex/latex/beamer/base/beamerbasedecode.sty
Package: beamerbasedecode 2010/05/01 (rcs-revision efa082c6111d)
\beamer@slideinframe=\count81
\beamer@minimum=\count82
)
\beamer@commentbox=\box27
\beamer@modecount=\count83
)
(/usr/share/texlive/texmf-dist/tex/generic/oberdiek/ifpdf.sty
Package: ifpdf 2011/01/30 v2.3 Provides the ifpdf switch (HO)
Package ifpdf Info: pdfTeX in PDF mode is detected.
)
\headheight=\dimen102
\headdp=\dimen103
\footheight=\dimen104
\sidebarheight=\dimen105
\beamer@tempdim=\dimen106
\beamer@finalheight=\dimen107
\beamer@animht=\dimen108
\beamer@animdp=\dimen109
\beamer@animwd=\dimen110
\beamer@leftmargin=\dimen111
\beamer@rightmargin=\dimen112
\beamer@leftsidebar=\dimen113
\beamer@rightsidebar=\dimen114
\beamer@boxsize=\dimen115
\beamer@vboxoffset=\dimen116
\beamer@descdefault=\dimen117
\beamer@descriptionwidth=\dimen118
\beamer@lastskip=\skip41
\beamer@areabox=\box28
\beamer@animcurrent=\box29
\beamer@animshowbox=\box30
\beamer@sectionbox=\box31
\beamer@logobox=\box32
\beamer@linebox=\box33
\beamer@sectioncount=\count84
\beamer@subsubsectionmax=\count85
\beamer@subsectionmax=\count86
\beamer@sectionmax=\count87
\beamer@totalheads=\count88
\beamer@headcounter=\count89
\beamer@partstartpage=\count90
\beamer@sectionstartpage=\count91
\beamer@subsectionstartpage=\count92
\beamer@animationtempa=\count93
\beamer@animationtempb=\count94
\beamer@xpos=\count95
\beamer@ypos=\count96
\beamer@showpartnumber=\count97
\beamer@currentsubsection=\count98
\beamer@coveringdepth=\count99
\beamer@sectionadjust=\count100
\beamer@tocsectionnumber=\count101

(/usr/share/texmf/tex/latex/beamer/base/beamerbaseoptions.sty
Package: beamerbaseoptions 2010/04/27 (rcs-revision 982469101dd6)

(/usr/share/texlive/texmf-dist/tex/latex/graphics/keyval.sty
Package: keyval 1999/03/16 v1.13 key=value parser (DPC)
\KV@toks@=\toks14
))
\beamer@paperwidth=\skip42
\beamer@paperheight=\skip43

(/usr/share/texlive/texmf-dist/tex/latex/geometry/geometry.sty
Package: geometry 2010/09/12 v5.6 Page Geometry

(/usr/share/texlive/texmf-dist/tex/generic/oberdiek/ifvtex.sty
Package: ifvtex 2010/03/01 v1.5 Detect VTeX and its facilities (HO)
Package ifvtex Info: VTeX not detected.
)
(/usr/share/texlive/texmf-dist/tex/generic/ifxetex/ifxetex.sty
Package: ifxetex 2010/09/12 v0.6 Provides ifxetex conditional
)
\Gm@cnth=\count102
\Gm@cntv=\count103
\c@Gm@tempcnt=\count104
\Gm@bindingoffset=\dimen119
\Gm@wd@mp=\dimen120
\Gm@odd@mp=\dimen121
\Gm@even@mp=\dimen122
\Gm@layoutwidth=\dimen123
\Gm@layoutheight=\dimen124
\Gm@layouthoffset=\dimen125
\Gm@layoutvoffset=\dimen126
\Gm@dimlist=\toks15
)
(/usr/share/texlive/texmf-dist/tex/latex/base/size12.clo
File: size12.clo 2007/10/19 v1.4h Standard LaTeX file (size option)
)
(/usr/share/texmf/tex/latex/pgf/basiclayer/pgfcore.sty
(/usr/share/texlive/texmf-dist/tex/latex/graphics/graphicx.sty
Package: graphicx 1999/02/16 v1.0f Enhanced LaTeX Graphics (DPC,SPQR)

(/usr/share/texlive/texmf-dist/tex/latex/graphics/graphics.sty
Package: graphics 2009/02/05 v1.0o Standard LaTeX Graphics (DPC,SPQR)

(/usr/share/texlive/texmf-dist/tex/latex/graphics/trig.sty
Package: trig 1999/03/16 v1.09 sin cos tan (DPC)
)
(/etc/texmf/tex/latex/config/graphics.cfg
File: graphics.cfg 2009/08/28 v1.8 graphics configuration of TeX Live
)
Package graphics Info: Driver file: pdftex.def on input line 91.

(/usr/share/texlive/texmf-dist/tex/latex/pdftex-def/pdftex.def
File: pdftex.def 2011/05/27 v0.06d Graphics/color for pdfTeX

(/usr/share/texlive/texmf-dist/tex/generic/oberdiek/infwarerr.sty
Package: infwarerr 2010/04/08 v1.3 Providing info/warning/error messages (HO)
)
(/usr/share/texlive/texmf-dist/tex/generic/oberdiek/ltxcmds.sty
Package: ltxcmds 2011/11/09 v1.22 LaTeX kernel commands for general use (HO)
)
\Gread@gobject=\count105
))
\Gin@req@height=\dimen127
\Gin@req@width=\dimen128
)
(/usr/share/texmf/tex/latex/pgf/systemlayer/pgfsys.sty
(/usr/share/texmf/tex/latex/pgf/utilities/pgfrcs.sty
(/usr/share/texmf/tex/generic/pgf/utilities/pgfutil-common.tex
\pgfutil@everybye=\toks16
)
(/usr/share/texmf/tex/generic/pgf/utilities/pgfutil-latex.def
\pgfutil@abb=\box34

(/usr/share/texlive/texmf-dist/tex/latex/ms/everyshi.sty
Package: everyshi 2001/05/15 v3.00 EveryShipout Package (MS)
))
(/usr/share/texmf/tex/generic/pgf/utilities/pgfrcs.code.tex
Package: pgfrcs 2010/10/25 v2.10 (rcs-revision 1.24)
))
(/usr/share/texmf/tex/generic/pgf/systemlayer/pgfsys.code.tex
Package: pgfsys 2010/06/30 v2.10 (rcs-revision 1.37)

(/usr/share/texmf/tex/generic/pgf/utilities/pgfkeys.code.tex
\pgfkeys@pathtoks=\toks17
\pgfkeys@temptoks=\toks18

(/usr/share/texmf/tex/generic/pgf/utilities/pgfkeysfiltered.code.tex
\pgfkeys@tmptoks=\toks19
))
\pgf@x=\dimen129
\pgf@y=\dimen130
\pgf@xa=\dimen131
\pgf@ya=\dimen132
\pgf@xb=\dimen133
\pgf@yb=\dimen134
\pgf@xc=\dimen135
\pgf@yc=\dimen136
\w@pgf@writea=\write3
\r@pgf@reada=\read1
\c@pgf@counta=\count106
\c@pgf@countb=\count107
\c@pgf@countc=\count108
\c@pgf@countd=\count109

(/usr/share/texmf/tex/generic/pgf/systemlayer/pgf.cfg
File: pgf.cfg 2008/05/14  (rcs-revision 1.7)
)
Package pgfsys Info: Driver file for pgf: pgfsys-pdftex.def on input line 900.

(/usr/share/texmf/tex/generic/pgf/systemlayer/pgfsys-pdftex.def
File: pgfsys-pdftex.def 2009/05/22  (rcs-revision 1.26)

(/usr/share/texmf/tex/generic/pgf/systemlayer/pgfsys-common-pdf.def
File: pgfsys-common-pdf.def 2008/05/19  (rcs-revision 1.10)
)))
(/usr/share/texmf/tex/generic/pgf/systemlayer/pgfsyssoftpath.code.tex
File: pgfsyssoftpath.code.tex 2008/07/18  (rcs-revision 1.7)
\pgfsyssoftpath@smallbuffer@items=\count110
\pgfsyssoftpath@bigbuffer@items=\count111
)
(/usr/share/texmf/tex/generic/pgf/systemlayer/pgfsysprotocol.code.tex
File: pgfsysprotocol.code.tex 2006/10/16  (rcs-revision 1.4)
))
(/usr/share/texmf/tex/latex/xcolor/xcolor.sty
Package: xcolor 2007/01/21 v2.11 LaTeX color extensions (UK)

(/etc/texmf/tex/latex/config/color.cfg
File: color.cfg 2007/01/18 v1.5 color configuration of teTeX/TeXLive
)
Package xcolor Info: Driver file: pdftex.def on input line 225.
Package xcolor Info: Model `cmy' substituted by `cmy0' on input line 1337.
Package xcolor Info: Model `hsb' substituted by `rgb' on input line 1341.
Package xcolor Info: Model `RGB' extended on input line 1353.
Package xcolor Info: Model `HTML' substituted by `rgb' on input line 1355.
Package xcolor Info: Model `Hsb' substituted by `hsb' on input line 1356.
Package xcolor Info: Model `tHsb' substituted by `hsb' on input line 1357.
Package xcolor Info: Model `HSB' substituted by `hsb' on input line 1358.
Package xcolor Info: Model `Gray' substituted by `gray' on input line 1359.
Package xcolor Info: Model `wave' substituted by `hsb' on input line 1360.
)
(/usr/share/texmf/tex/generic/pgf/basiclayer/pgfcore.code.tex
Package: pgfcore 2010/04/11 v2.10 (rcs-revision 1.7)

(/usr/share/texmf/tex/generic/pgf/math/pgfmath.code.tex
(/usr/share/texmf/tex/generic/pgf/math/pgfmathcalc.code.tex
(/usr/share/texmf/tex/generic/pgf/math/pgfmathutil.code.tex)
(/usr/share/texmf/tex/generic/pgf/math/pgfmathparser.code.tex
\pgfmath@dimen=\dimen137
\pgfmath@count=\count112
\pgfmath@box=\box35
\pgfmath@toks=\toks20
\pgfmath@stack@operand=\toks21
\pgfmath@stack@operation=\toks22
)
(/usr/share/texmf/tex/generic/pgf/math/pgfmathfunctions.code.tex
(/usr/share/texmf/tex/generic/pgf/math/pgfmathfunctions.basic.code.tex)
(/usr/share/texmf/tex/generic/pgf/math/pgfmathfunctions.trigonometric.code.tex)
(/usr/share/texmf/tex/generic/pgf/math/pgfmathfunctions.random.code.tex)
(/usr/share/texmf/tex/generic/pgf/math/pgfmathfunctions.comparison.code.tex)
(/usr/share/texmf/tex/generic/pgf/math/pgfmathfunctions.base.code.tex)
(/usr/share/texmf/tex/generic/pgf/math/pgfmathfunctions.round.code.tex)
(/usr/share/texmf/tex/generic/pgf/math/pgfmathfunctions.misc.code.tex)))
(/usr/share/texmf/tex/generic/pgf/math/pgfmathfloat.code.tex
\c@pgfmathroundto@lastzeros=\count113
))
(/usr/share/texmf/tex/generic/pgf/basiclayer/pgfcorepoints.code.tex
File: pgfcorepoints.code.tex 2010/04/09  (rcs-revision 1.20)
\pgf@picminx=\dimen138
\pgf@picmaxx=\dimen139
\pgf@picminy=\dimen140
\pgf@picmaxy=\dimen141
\pgf@pathminx=\dimen142
\pgf@pathmaxx=\dimen143
\pgf@pathminy=\dimen144
\pgf@pathmaxy=\dimen145
\pgf@xx=\dimen146
\pgf@xy=\dimen147
\pgf@yx=\dimen148
\pgf@yy=\dimen149
\pgf@zx=\dimen150
\pgf@zy=\dimen151
)
(/usr/share/texmf/tex/generic/pgf/basiclayer/pgfcorepathconstruct.code.tex
File: pgfcorepathconstruct.code.tex 2010/08/03  (rcs-revision 1.24)
\pgf@path@lastx=\dimen152
\pgf@path@lasty=\dimen153
)
(/usr/share/texmf/tex/generic/pgf/basiclayer/pgfcorepathusage.code.tex
File: pgfcorepathusage.code.tex 2008/04/22  (rcs-revision 1.12)
\pgf@shorten@end@additional=\dimen154
\pgf@shorten@start@additional=\dimen155
)
(/usr/share/texmf/tex/generic/pgf/basiclayer/pgfcorescopes.code.tex
File: pgfcorescopes.code.tex 2010/09/08  (rcs-revision 1.34)
\pgfpic=\box36
\pgf@hbox=\box37
\pgf@layerbox@main=\box38
\pgf@picture@serial@count=\count114
)
(/usr/share/texmf/tex/generic/pgf/basiclayer/pgfcoregraphicstate.code.tex
File: pgfcoregraphicstate.code.tex 2008/04/22  (rcs-revision 1.9)
\pgflinewidth=\dimen156
)
(/usr/share/texmf/tex/generic/pgf/basiclayer/pgfcoretransformations.code.tex
File: pgfcoretransformations.code.tex 2009/06/10  (rcs-revision 1.11)
\pgf@pt@x=\dimen157
\pgf@pt@y=\dimen158
\pgf@pt@temp=\dimen159
)
(/usr/share/texmf/tex/generic/pgf/basiclayer/pgfcorequick.code.tex
File: pgfcorequick.code.tex 2008/10/09  (rcs-revision 1.3)
)
(/usr/share/texmf/tex/generic/pgf/basiclayer/pgfcoreobjects.code.tex
File: pgfcoreobjects.code.tex 2006/10/11  (rcs-revision 1.2)
)
(/usr/share/texmf/tex/generic/pgf/basiclayer/pgfcorepathprocessing.code.tex
File: pgfcorepathprocessing.code.tex 2008/10/09  (rcs-revision 1.8)
)
(/usr/share/texmf/tex/generic/pgf/basiclayer/pgfcorearrows.code.tex
File: pgfcorearrows.code.tex 2008/04/23  (rcs-revision 1.11)
)
(/usr/share/texmf/tex/generic/pgf/basiclayer/pgfcoreshade.code.tex
File: pgfcoreshade.code.tex 2008/11/23  (rcs-revision 1.13)
\pgf@max=\dimen160
\pgf@sys@shading@range@num=\count115
)
(/usr/share/texmf/tex/generic/pgf/basiclayer/pgfcoreimage.code.tex
File: pgfcoreimage.code.tex 2010/03/25  (rcs-revision 1.16)

(/usr/share/texmf/tex/generic/pgf/basiclayer/pgfcoreexternal.code.tex
File: pgfcoreexternal.code.tex 2010/09/01  (rcs-revision 1.17)
\pgfexternal@startupbox=\box39
))
(/usr/share/texmf/tex/generic/pgf/basiclayer/pgfcorelayers.code.tex
File: pgfcorelayers.code.tex 2010/08/27  (rcs-revision 1.2)
)
(/usr/share/texmf/tex/generic/pgf/basiclayer/pgfcoretransparency.code.tex
File: pgfcoretransparency.code.tex 2008/01/17  (rcs-revision 1.2)
)
(/usr/share/texmf/tex/generic/pgf/basiclayer/pgfcorepatterns.code.tex
File: pgfcorepatterns.code.tex 2009/07/02  (rcs-revision 1.3)
)))
(/usr/share/texmf/tex/latex/pgf/utilities/xxcolor.sty
Package: xxcolor 2003/10/24 ver 0.1
\XC@nummixins=\count116
\XC@countmixins=\count117
)
(/usr/share/texlive/texmf-dist/tex/latex/hyperref/hyperref.sty
Package: hyperref 2012/11/06 v6.83m Hypertext links for LaTeX

(/usr/share/texlive/texmf-dist/tex/generic/oberdiek/hobsub-hyperref.sty
Package: hobsub-hyperref 2012/05/28 v1.13 Bundle oberdiek, subset hyperref (HO)


(/usr/share/texlive/texmf-dist/tex/generic/oberdiek/hobsub-generic.sty
Package: hobsub-generic 2012/05/28 v1.13 Bundle oberdiek, subset generic (HO)
Package: hobsub 2012/05/28 v1.13 Construct package bundles (HO)
Package hobsub Info: Skipping package `infwarerr' (already loaded).
Package hobsub Info: Skipping package `ltxcmds' (already loaded).
Package: ifluatex 2010/03/01 v1.3 Provides the ifluatex switch (HO)
Package ifluatex Info: LuaTeX not detected.
Package hobsub Info: Skipping package `ifvtex' (already loaded).
Package: intcalc 2007/09/27 v1.1 Expandable calculations with integers (HO)
Package hobsub Info: Skipping package `ifpdf' (already loaded).
Package: etexcmds 2011/02/16 v1.5 Avoid name clashes with e-TeX commands (HO)
Package etexcmds Info: Could not find \expanded.
(etexcmds)             That can mean that you are not using pdfTeX 1.50 or
(etexcmds)             that some package has redefined \expanded.
(etexcmds)             In the latter case, load this package earlier.
Package: kvsetkeys 2012/04/25 v1.16 Key value parser (HO)
Package: kvdefinekeys 2011/04/07 v1.3 Define keys (HO)
Package: pdftexcmds 2011/11/29 v0.20 Utility functions of pdfTeX for LuaTeX (HO
)
Package pdftexcmds Info: LuaTeX not detected.
Package pdftexcmds Info: \pdf@primitive is available.
Package pdftexcmds Info: \pdf@ifprimitive is available.
Package pdftexcmds Info: \pdfdraftmode found.
Package: pdfescape 2011/11/25 v1.13 Implements pdfTeX's escape features (HO)
Package: bigintcalc 2012/04/08 v1.3 Expandable calculations on big integers (HO
)
Package: bitset 2011/01/30 v1.1 Handle bit-vector datatype (HO)
Package: uniquecounter 2011/01/30 v1.2 Provide unlimited unique counter (HO)
)
Package hobsub Info: Skipping package `hobsub' (already loaded).
Package: letltxmacro 2010/09/02 v1.4 Let assignment for LaTeX macros (HO)
Package: hopatch 2012/05/28 v1.2 Wrapper for package hooks (HO)
Package: xcolor-patch 2011/01/30 xcolor patch
Package: atveryend 2011/06/30 v1.8 Hooks at the very end of document (HO)
Package atveryend Info: \enddocument detected (standard20110627).
Package: atbegshi 2011/10/05 v1.16 At begin shipout hook (HO)
Package: refcount 2011/10/16 v3.4 Data extraction from label references (HO)
Package: hycolor 2011/01/30 v1.7 Color options for hyperref/bookmark (HO)
)
(/usr/share/texlive/texmf-dist/tex/latex/oberdiek/auxhook.sty
Package: auxhook 2011/03/04 v1.3 Hooks for auxiliary files (HO)
)
(/usr/share/texlive/texmf-dist/tex/latex/oberdiek/kvoptions.sty
Package: kvoptions 2011/06/30 v3.11 Key value format for package options (HO)
)
\@linkdim=\dimen161
\Hy@linkcounter=\count118
\Hy@pagecounter=\count119

(/usr/share/texlive/texmf-dist/tex/latex/hyperref/pd1enc.def
File: pd1enc.def 2012/11/06 v6.83m Hyperref: PDFDocEncoding definition (HO)
)
\Hy@SavedSpaceFactor=\count120

(/usr/share/texlive/texmf-dist/tex/latex/latexconfig/hyperref.cfg
File: hyperref.cfg 2002/06/06 v1.2 hyperref configuration of TeXLive
)
Package hyperref Info: Option `bookmarks' set `true' on input line 4319.
Package hyperref Info: Option `bookmarksopen' set `true' on input line 4319.
Package hyperref Info: Option `implicit' set `false' on input line 4319.
Package hyperref Info: Hyper figures OFF on input line 4443.
Package hyperref Info: Link nesting OFF on input line 4448.
Package hyperref Info: Hyper index ON on input line 4451.
Package hyperref Info: Plain pages OFF on input line 4458.
Package hyperref Info: Backreferencing OFF on input line 4463.
Package hyperref Info: Implicit mode OFF; no redefinition of LaTeX internals.
Package hyperref Info: Bookmarks ON on input line 4688.
\c@Hy@tempcnt=\count121

(/usr/share/texlive/texmf-dist/tex/latex/url/url.sty
\Urlmuskip=\muskip10
Package: url 2013/09/16  ver 3.4  Verb mode for urls, etc.
)
LaTeX Info: Redefining \url on input line 5041.
\XeTeXLinkMargin=\dimen162
\Fld@menulength=\count122
\Field@Width=\dimen163
\Fld@charsize=\dimen164
Package hyperref Info: Hyper figures OFF on input line 6295.
Package hyperref Info: Link nesting OFF on input line 6300.
Package hyperref Info: Hyper index ON on input line 6303.
Package hyperref Info: backreferencing OFF on input line 6310.
Package hyperref Info: Link coloring OFF on input line 6315.
Package hyperref Info: Link coloring with OCG OFF on input line 6320.
Package hyperref Info: PDF/A mode OFF on input line 6325.
LaTeX Info: Redefining \ref on input line 6365.
LaTeX Info: Redefining \pageref on input line 6369.
\Hy@abspage=\count123


Package hyperref Message: Stopped early.

)

Package hyperref Message: Driver (autodetected): hpdftex.

(/usr/share/texlive/texmf-dist/tex/latex/hyperref/hpdftex.def
File: hpdftex.def 2012/11/06 v6.83m Hyperref driver for pdfTeX
\Fld@listcount=\count124
\c@bookmark@seq@number=\count125

(/usr/share/texlive/texmf-dist/tex/latex/oberdiek/rerunfilecheck.sty
Package: rerunfilecheck 2011/04/15 v1.7 Rerun checks for auxiliary files (HO)
Package uniquecounter Info: New unique counter `rerunfilecheck' on input line 2
82.
))
(/usr/share/texmf/tex/latex/beamer/base/beamerbaserequires.sty
Package: beamerbaserequires 2010/05/01  (rcs-revision efa082c6111d)

(/usr/share/texmf/tex/latex/beamer/base/beamerbasecompatibility.sty
Package: beamerbasecompatibility 2012/05/01  (rcs-revision 67c48b3b652d)
)
(/usr/share/texmf/tex/latex/beamer/base/beamerbasefont.sty
Package: beamerbasefont 2012/09/19  (rcs-revision 733629cd0c6c)

(/usr/share/texlive/texmf-dist/tex/latex/amsfonts/amssymb.sty
Package: amssymb 2013/01/14 v3.01 AMS font symbols

(/usr/share/texlive/texmf-dist/tex/latex/amsfonts/amsfonts.sty
Package: amsfonts 2013/01/14 v3.01 Basic AMSFonts support
\@emptytoks=\toks23
\symAMSa=\mathgroup4
\symAMSb=\mathgroup5
LaTeX Font Info:    Overwriting math alphabet `\mathfrak' in version `bold'
(Font)                  U/euf/m/n --> U/euf/b/n on input line 106.
)))
(/usr/share/texmf/tex/latex/beamer/base/beamerbasetranslator.sty
Package: beamerbasetranslator 2010/06/11  (rcs-revision 85fd1cc7fc42)

(/usr/share/texmf/tex/latex/beamer/base/translator/translator.sty
Package: translator 2010/06/12 ver 1.10

(/usr/share/texmf/tex/latex/beamer/base/translator/translator-language-mappings
.tex))) (/usr/share/texmf/tex/latex/beamer/base/beamerbasemisc.sty
Package: beamerbasemisc 2012/02/24  (rcs-revision 2ff5461be705)
)
(/usr/share/texmf/tex/latex/beamer/base/beamerbasetwoscreens.sty
Package: beamerbasetwoscreens 2010/05/01  (rcs-revision efa082c6111d)
)
(/usr/share/texmf/tex/latex/beamer/base/beamerbaseoverlay.sty
Package: beamerbaseoverlay 2012/11/11  (rcs-revision 6afbc49b1109)
\beamer@argscount=\count126
\beamer@lastskipcover=\skip44
\beamer@trivlistdepth=\count127
)
(/usr/share/texmf/tex/latex/beamer/base/beamerbasetitle.sty
Package: beamerbasetitle 2010/09/21  (rcs-revision f0446ed0b6ae)
)
(/usr/share/texmf/tex/latex/beamer/base/beamerbasesection.sty
Package: beamerbasesection 2012/11/11  (rcs-revision 0056eef6f17f)
\c@lecture=\count128
\c@part=\count129
\c@section=\count130
\c@subsection=\count131
\c@subsubsection=\count132
)
(/usr/share/texmf/tex/latex/beamer/base/beamerbaseframe.sty
Package: beamerbaseframe 2012/09/13  (rcs-revision dcd846607320)
\beamer@framebox=\box40
\beamer@frametitlebox=\box41
\beamer@zoombox=\box42
\beamer@zoomcount=\count133
\beamer@zoomframecount=\count134
\beamer@frametextheight=\dimen165
\c@subsectionslide=\count135
\beamer@frametopskip=\skip45
\beamer@framebottomskip=\skip46
\beamer@frametopskipautobreak=\skip47
\beamer@framebottomskipautobreak=\skip48
\beamer@envbody=\toks24
\framewidth=\dimen166
\c@framenumber=\count136
)
(/usr/share/texmf/tex/latex/beamer/base/beamerbaseverbatim.sty
Package: beamerbaseverbatim 2012/08/30  (rcs-revision dfdb135076b3)
\beamer@verbatimfileout=\write4
)
(/usr/share/texmf/tex/latex/beamer/base/beamerbaseframesize.sty
Package: beamerbaseframesize 2011/09/12  (rcs-revision 70f9d8411e54)
\beamer@splitbox=\box43
\beamer@autobreakcount=\count137
\beamer@autobreaklastheight=\dimen167
\beamer@frametitletoks=\toks25
\beamer@framesubtitletoks=\toks26
)
(/usr/share/texmf/tex/latex/beamer/base/beamerbaseframecomponents.sty
Package: beamerbaseframecomponents 2012/09/13  (rcs-revision dcd846607320)
\beamer@footins=\box44
)
(/usr/share/texmf/tex/latex/beamer/base/beamerbasecolor.sty
Package: beamerbasecolor 2010/06/06  (rcs-revision d1a9b48be06d)
)
(/usr/share/texmf/tex/latex/beamer/base/beamerbasenotes.sty
Package: beamerbasenotes 2010/05/01  (rcs-revision efa082c6111d)
\beamer@frameboxcopy=\box45
)
(/usr/share/texmf/tex/latex/beamer/base/beamerbasetoc.sty
Package: beamerbasetoc 2012/10/02  (rcs-revision 5ed0f4010e8a)
)
(/usr/share/texmf/tex/latex/beamer/base/beamerbasetemplates.sty
Package: beamerbasetemplates 2010/05/01  (rcs-revision efa082c6111d)
\beamer@sbttoks=\toks27

(/usr/share/texmf/tex/latex/beamer/base/beamerbaseauxtemplates.sty
Package: beamerbaseauxtemplates 2012/05/01  (rcs-revision 67c48b3b652d)

(/usr/share/texmf/tex/latex/beamer/base/beamerbaseboxes.sty
Package: beamerbaseboxes 2012/05/13  (rcs-revision 56972908a390)
\bmb@box=\box46
\bmb@colorbox=\box47
\bmb@boxshadow=\box48
\bmb@boxshadowball=\box49
\bmb@boxshadowballlarge=\box50
\bmb@temp=\dimen168
\bmb@dima=\dimen169
\bmb@dimb=\dimen170
\bmb@prevheight=\dimen171
)
\beamer@blockheadheight=\dimen172
))
(/usr/share/texmf/tex/latex/beamer/base/beamerbaselocalstructure.sty
Package: beamerbaselocalstructure 2012/11/13  (rcs-revision ddfba79dac19)

(/usr/share/texlive/texmf-dist/tex/latex/tools/enumerate.sty
Package: enumerate 1999/03/05 v3.00 enumerate extensions (DPC)
\@enLab=\toks28
)
\c@figure=\count138
\c@table=\count139
\abovecaptionskip=\skip49
\belowcaptionskip=\skip50
)
(/usr/share/texmf/tex/latex/beamer/base/beamerbasenavigation.sty
Package: beamerbasenavigation 2012/04/03  (rcs-revision 42a0f21a412d)
\beamer@section@min@dim=\dimen173
)
(/usr/share/texmf/tex/latex/beamer/base/beamerbasetheorems.sty
Package: beamerbasetheorems 2010/06/06  (rcs-revision 7e7cc5e53e9d)

(/usr/share/texlive/texmf-dist/tex/latex/amsmath/amsmath.sty
Package: amsmath 2013/01/14 v2.14 AMS math features
\@mathmargin=\skip51

For additional information on amsmath, use the `?' option.
(/usr/share/texlive/texmf-dist/tex/latex/amsmath/amstext.sty
Package: amstext 2000/06/29 v2.01

(/usr/share/texlive/texmf-dist/tex/latex/amsmath/amsgen.sty
File: amsgen.sty 1999/11/30 v2.0
\@emptytoks=\toks29
\ex@=\dimen174
))
(/usr/share/texlive/texmf-dist/tex/latex/amsmath/amsbsy.sty
Package: amsbsy 1999/11/29 v1.2d
\pmbraise@=\dimen175
)
(/usr/share/texlive/texmf-dist/tex/latex/amsmath/amsopn.sty
Package: amsopn 1999/12/14 v2.01 operator names
)
\inf@bad=\count140
LaTeX Info: Redefining \frac on input line 210.
\uproot@=\count141
\leftroot@=\count142
LaTeX Info: Redefining \overline on input line 306.
\classnum@=\count143
\DOTSCASE@=\count144
LaTeX Info: Redefining \ldots on input line 378.
LaTeX Info: Redefining \dots on input line 381.
LaTeX Info: Redefining \cdots on input line 466.
\Mathstrutbox@=\box51
\strutbox@=\box52
\big@size=\dimen176
LaTeX Font Info:    Redeclaring font encoding OML on input line 566.
LaTeX Font Info:    Redeclaring font encoding OMS on input line 567.
\macc@depth=\count145
\c@MaxMatrixCols=\count146
\dotsspace@=\muskip11
\c@parentequation=\count147
\dspbrk@lvl=\count148
\tag@help=\toks30
\row@=\count149
\column@=\count150
\maxfields@=\count151
\andhelp@=\toks31
\eqnshift@=\dimen177
\alignsep@=\dimen178
\tagshift@=\dimen179
\tagwidth@=\dimen180
\totwidth@=\dimen181
\lineht@=\dimen182
\@envbody=\toks32
\multlinegap=\skip52
\multlinetaggap=\skip53
\mathdisplay@stack=\toks33
LaTeX Info: Redefining \[ on input line 2665.
LaTeX Info: Redefining \] on input line 2666.
)
(/usr/share/texlive/texmf-dist/tex/latex/amscls/amsthm.sty
Package: amsthm 2004/08/06 v2.20
\thm@style=\toks34
\thm@bodyfont=\toks35
\thm@headfont=\toks36
\thm@notefont=\toks37
\thm@headpunct=\toks38
\thm@preskip=\skip54
\thm@postskip=\skip55
\thm@headsep=\skip56
\dth@everypar=\toks39
)
\c@theorem=\count152
)
(/usr/share/texmf/tex/latex/beamer/base/beamerbasethemes.sty
Package: beamerbasethemes 2010/05/01  (rcs-revision efa082c6111d)
))
(/usr/share/texmf/tex/latex/beamer/base/themes/theme/beamerthemedefault.sty
Package: beamerthemedefault 2010/06/17  (rcs-revision d02a7cf4d8ae)

(/usr/share/texmf/tex/latex/beamer/base/themes/font/beamerfontthemedefault.sty
Package: beamerfontthemedefault 2010/06/17  (rcs-revision d02a7cf4d8ae)
)
(/usr/share/texmf/tex/latex/beamer/base/themes/color/beamercolorthemedefault.st
y
Package: beamercolorthemedefault 2010/06/17  (rcs-revision d02a7cf4d8ae)
)
(/usr/share/texmf/tex/latex/beamer/base/themes/inner/beamerinnerthemedefault.st
y
Package: beamerinnerthemedefault 2012/05/01  (rcs-revision 67c48b3b652d)
\beamer@dima=\dimen183
\beamer@dimb=\dimen184
)
(/usr/share/texmf/tex/latex/beamer/base/themes/outer/beamerouterthemedefault.st
y
Package: beamerouterthemedefault 2012/10/02  (rcs-revision 5ed0f4010e8a)
))) (./dipneuste.sty
Package: dipneuste 

(/usr/share/texlive/texmf-dist/tex/latex/base/inputenc.sty
Package: inputenc 2008/03/30 v1.1d Input encoding file
\inpenc@prehook=\toks40
\inpenc@posthook=\toks41

(/usr/share/texlive/texmf-dist/tex/latex/ucs/utf8x.def
File: utf8x.def 2004/10/17 UCS: Input encoding UTF-8
))
(/usr/share/texlive/texmf-dist/tex/latex/ucs/ucs.sty
Package: ucs 2013/05/11 v2.2 UCS: Unicode input support

(/usr/share/texlive/texmf-dist/tex/latex/ucs/data/uni-global.def
File: uni-global.def 2013/05/13 UCS: Unicode global data
)
\uc@secondtry=\count153
\uc@combtoks=\toks42
\uc@combtoksb=\toks43
\uc@temptokena=\toks44
)
(/usr/share/texlive/texmf-dist/tex/latex/base/fontenc.sty
Package: fontenc 2005/09/27 v1.99g Standard LaTeX package

(/usr/share/texlive/texmf-dist/tex/latex/base/t1enc.def
File: t1enc.def 2005/09/27 v1.99g Standard LaTeX file
LaTeX Font Info:    Redeclaring font encoding T1 on input line 43.
))
(/usr/share/texlive/texmf-dist/tex/generic/babel/babel.sty
Package: babel 2013/12/03 3.9h The Babel package

(/usr/share/texlive/texmf-dist/tex/generic/babel-english/english.ldf
Language: english 2012/08/20 v3.3p English support from the babel system

(/usr/share/texlive/texmf-dist/tex/generic/babel/babel.def
File: babel.def 2013/12/03 3.9h Babel common definitions
LaTeX Info: Redefining \textlatin on input line 137.
\babel@savecnt=\count154
\U@D=\dimen185
)
\l@canadian = a dialect from \language\l@american 
\l@australian = a dialect from \language\l@british 
\l@newzealand = a dialect from \language\l@british 
)
(/usr/share/texlive/texmf-dist/tex/generic/babel-french/frenchb.ldf
Language: frenchb 2013/12/30 v2.6g French support from the babel system
\FB@interchartokenstateORI=\count155
Package babel Info: Making : an active character on input line 244.
Package babel Info: Making ; an active character on input line 245.
Package babel Info: Making ! an active character on input line 246.
Package babel Info: Making ? an active character on input line 247.
\FB@Mht=\dimen186
\std@mcc=\count156
\dec@mcc=\count157
\listindentFB=\skip57
\labelwidthFB=\skip58
\leftmarginFB=\skip59
\parindentFFN=\dimen187
))
(/usr/share/texlive/texmf-dist/tex/latex/carlisle/scalefnt.sty)
(/usr/share/texlive/texmf-dist/tex/latex/tools/bm.sty
Package: bm 2004/02/26 v1.1c Bold Symbol Support (DPC/FMi)
\symboldoperators=\mathgroup6
\symboldletters=\mathgroup7
\symboldsymbols=\mathgroup8
LaTeX Font Info:    Redeclaring math alphabet \mathbf on input line 138.
LaTeX Info: Redefining \bm on input line 204.
)
(/usr/share/texlive/texmf-dist/tex/latex/thmbox/thmbox.sty
Package: thmbox 2005/04/24 v2.0 fancy theorem outlining
\thmbox@leftmargin=\dimen188
\thmbox@rightmargin=\dimen189
\thmbox@hskip=\dimen190
\thmbox@vskip=\dimen191
\thmbox@thickness=\dimen192
\thmbox@box=\box53
\thmbox@box@=\box54
\thmbox@dim=\dimen193
)
(/usr/share/texlive/texmf-dist/tex/latex/base/makeidx.sty
Package: makeidx 2000/03/29 v1.0m Standard LaTeX package
)
(/usr/share/texmf/tex/latex/pgf/frontendlayer/tikz.sty
(/usr/share/texmf/tex/latex/pgf/basiclayer/pgf.sty
Package: pgf 2008/01/15 v2.10 (rcs-revision 1.12)

(/usr/share/texmf/tex/generic/pgf/modules/pgfmoduleshapes.code.tex
File: pgfmoduleshapes.code.tex 2010/09/09  (rcs-revision 1.13)
\pgfnodeparttextbox=\box55
)
(/usr/share/texmf/tex/generic/pgf/modules/pgfmoduleplot.code.tex
File: pgfmoduleplot.code.tex 2010/10/22  (rcs-revision 1.8)
)
(/usr/share/texmf/tex/latex/pgf/compatibility/pgfcomp-version-0-65.sty
Package: pgfcomp-version-0-65 2007/07/03 v2.10 (rcs-revision 1.7)
\pgf@nodesepstart=\dimen194
\pgf@nodesepend=\dimen195
)
(/usr/share/texmf/tex/latex/pgf/compatibility/pgfcomp-version-1-18.sty
Package: pgfcomp-version-1-18 2007/07/23 v2.10 (rcs-revision 1.1)
))
(/usr/share/texmf/tex/latex/pgf/utilities/pgffor.sty
(/usr/share/texmf/tex/latex/pgf/utilities/pgfkeys.sty
(/usr/share/texmf/tex/generic/pgf/utilities/pgfkeys.code.tex))
(/usr/share/texmf/tex/generic/pgf/utilities/pgffor.code.tex
Package: pgffor 2010/03/23 v2.10 (rcs-revision 1.18)
\pgffor@iter=\dimen196
\pgffor@skip=\dimen197
\pgffor@stack=\toks45
\pgffor@toks=\toks46
))
(/usr/share/texmf/tex/generic/pgf/frontendlayer/tikz/tikz.code.tex
Package: tikz 2010/10/13 v2.10 (rcs-revision 1.76)

(/usr/share/texmf/tex/generic/pgf/libraries/pgflibraryplothandlers.code.tex
File: pgflibraryplothandlers.code.tex 2010/05/31 v2.10 (rcs-revision 1.15)
\pgf@plot@mark@count=\count158
\pgfplotmarksize=\dimen198
)
\tikz@lastx=\dimen199
\tikz@lasty=\dimen200
\tikz@lastxsaved=\dimen201
\tikz@lastysaved=\dimen202
\tikzleveldistance=\dimen203
\tikzsiblingdistance=\dimen204
\tikz@figbox=\box56
\tikz@tempbox=\box57
\tikztreelevel=\count159
\tikznumberofchildren=\count160
\tikznumberofcurrentchild=\count161
\tikz@fig@count=\count162

(/usr/share/texmf/tex/generic/pgf/modules/pgfmodulematrix.code.tex
File: pgfmodulematrix.code.tex 2010/08/24  (rcs-revision 1.4)
\pgfmatrixcurrentrow=\count163
\pgfmatrixcurrentcolumn=\count164
\pgf@matrix@numberofcolumns=\count165
)
\tikz@expandcount=\count166

(/usr/share/texmf/tex/generic/pgf/frontendlayer/tikz/libraries/tikzlibrarytopat
hs.code.tex
File: tikzlibrarytopaths.code.tex 2008/06/17 v2.10 (rcs-revision 1.2)
)))
(/usr/share/texmf/tex/generic/pgf/frontendlayer/tikz/libraries/tikzlibrarymatri
x.code.tex
File: tikzlibrarymatrix.code.tex 2008/06/18 v2.10 (rcs-revision 1.2)
)
(/usr/share/texmf/tex/generic/pgf/frontendlayer/tikz/libraries/tikzlibraryarrow
s.code.tex
File: tikzlibraryarrows.code.tex 2008/01/09 v2.10 (rcs-revision 1.1)

(/usr/share/texmf/tex/generic/pgf/libraries/pgflibraryarrows.code.tex
File: pgflibraryarrows.code.tex 2008/10/27 v2.10 (rcs-revision 1.9)
\arrowsize=\dimen205
))
(/usr/share/texmf/tex/generic/pgf/frontendlayer/tikz/libraries/tikzlibraryautom
ata.code.tex
File: tikzlibraryautomata.code.tex 2008/07/14 v2.10 (rcs-revision 1.3)

(/usr/share/texmf/tex/generic/pgf/frontendlayer/tikz/libraries/tikzlibraryshape
s.multipart.code.tex
File: tikzlibraryshapes.multipart.code.tex 2008/01/09 v2.10 (rcs-revision 1.1)

(/usr/share/texmf/tex/generic/pgf/libraries/shapes/pgflibraryshapes.multipart.c
ode.tex
File: pgflibraryshapes.multipart.code.tex 2010/01/07 v2.10 (rcs-revision 1.2)
\pgfnodepartlowerbox=\box58
\pgfnodeparttwobox=\box59
\pgfnodepartthreebox=\box60
\pgfnodepartfourbox=\box61
\pgfnodeparttwentybox=\box62
\pgfnodepartnineteenbox=\box63
\pgfnodeparteighteenbox=\box64
\pgfnodepartseventeenbox=\box65
\pgfnodepartsixteenbox=\box66
\pgfnodepartfifteenbox=\box67
\pgfnodepartfourteenbox=\box68
\pgfnodepartthirteenbox=\box69
\pgfnodeparttwelvebox=\box70
\pgfnodepartelevenbox=\box71
\pgfnodeparttenbox=\box72
\pgfnodepartninebox=\box73
\pgfnodeparteightbox=\box74
\pgfnodepartsevenbox=\box75
\pgfnodepartsixbox=\box76
\pgfnodepartfivebox=\box77
))) (/usr/share/texlive/texmf-dist/tex/latex/algorithm2e/algorithm2e.sty
Package: algorithm2e 2013/01/06 v5.00 algorithms environments
\c@AlgoLine=\count167
(/usr/share/texlive/texmf-dist/tex/latex/base/ifthen.sty
Package: ifthen 2001/05/26 v1.1c Standard LaTeX ifthen package (DPC)
)
(/usr/share/texlive/texmf-dist/tex/latex/tools/xspace.sty
Package: xspace 2009/10/20 v1.13 Space after command names (DPC,MH)
)
(/usr/share/texlive/texmf-dist/tex/latex/relsize/relsize.sty
Package: relsize 2013/03/29 ver 4.1
)
********************************************************
Package `algorithm2e' Release 5.0 -- january 06 2013 --
- algorithm2e-announce@lirmm.fr mailing list for announcement about releases
- algorithm2e-discussion@lirmm.fr mailing list for discussion about package
subscribe by emailing sympa@lirmm.fr with 'subscribe <list> <firstname name>'
- Author: Christophe Fiorio (cfiorio@um2.fr)
********************************************************
\skiptotal=\skip60
\skiplinenumber=\skip61
\skiprule=\skip62
\skiphlne=\skip63
\skiptext=\skip64
\skiplength=\skip65
\algomargin=\skip66
\skipalgocfslide=\skip67
\algowidth=\dimen206
\inoutsize=\dimen207
\inoutindent=\dimen208
\interspacetitleruled=\dimen209
\interspacealgoruled=\dimen210
\interspacetitleboxruled=\dimen211
\algocf@inoutbox=\box78
\algocf@inputbox=\box79
\AlCapSkip=\skip68
\AlCapHSkip=\skip69
\algoskipindent=\skip70
\algocf@nlbox=\box80
\algocf@hangingbox=\box81
\algocf@untilbox=\box82
\algocf@skipuntil=\skip71
\algocf@capbox=\box83
\algoheightruledefault=\skip72
\algoheightrule=\skip73
\algotitleheightruledefault=\skip74
\algotitleheightrule=\skip75
\c@algocfline=\count168
\c@algocfproc=\count169
\c@algocf=\count170
\algocf@algoframe=\box84
\algocf@algobox=\box85
)
Package hyperref Info: Option `colorlinks' set `true' on input line 38.
) (/usr/share/texmf/tex/latex/pgf/utilities/pgfpages.sty
Package: pgfpages 2004/11/05 ver 0.01

(/usr/share/texlive/texmf-dist/tex/latex/tools/calc.sty
Package: calc 2007/08/22 v4.3 Infix arithmetic (KKT,FJ)
\calc@Acount=\count171
\calc@Bcount=\count172
\calc@Adimen=\dimen212
\calc@Bdimen=\dimen213
\calc@Askip=\skip76
\calc@Bskip=\skip77
LaTeX Info: Redefining \setlength on input line 76.
LaTeX Info: Redefining \addtolength on input line 77.
\calc@Ccount=\count173
\calc@Cskip=\skip78
)
\pgf@logicalpages=\count174
\pgf@firstshipout=\count175
\pgf@lastshipout=\count176
\pgf@currentshipout=\count177
\pgf@cpn=\count178
\pgf@shipoutnextto=\count179
\pgfphysicalheight=\dimen214
\pgfphysicalwidth=\dimen215
\pgfpages@shipoutbox=\box86
)
\pgfpages@box@1=\box87
\pgfpages@box@2=\box88
 (./JLA.aux)
\openout1 = `JLA.aux'.

LaTeX Font Info:    Checking defaults for OML/cmm/m/it on input line 46.
LaTeX Font Info:    ... okay on input line 46.
LaTeX Font Info:    Checking defaults for T1/cmr/m/n on input line 46.
LaTeX Font Info:    ... okay on input line 46.
LaTeX Font Info:    Checking defaults for OT1/cmr/m/n on input line 46.
LaTeX Font Info:    ... okay on input line 46.
LaTeX Font Info:    Checking defaults for OMS/cmsy/m/n on input line 46.
LaTeX Font Info:    ... okay on input line 46.
LaTeX Font Info:    Checking defaults for OMX/cmex/m/n on input line 46.
LaTeX Font Info:    ... okay on input line 46.
LaTeX Font Info:    Checking defaults for U/cmr/m/n on input line 46.
LaTeX Font Info:    ... okay on input line 46.
LaTeX Font Info:    Checking defaults for PD1/pdf/m/n on input line 46.
LaTeX Font Info:    ... okay on input line 46.

*geometry* driver: auto-detecting
*geometry* detected driver: pdftex
*geometry* verbose mode - [ preamble ] result:
* driver: pdftex
* paper: custom
* layout: <same size as paper>
* layoutoffset:(h,v)=(0.0pt,0.0pt)
* modes: includehead includefoot 
* h-part:(L,W,R)=(28.45274pt, 307.28987pt, 28.45274pt)
* v-part:(T,H,B)=(0.0pt, 273.14662pt, 0.0pt)
* \paperwidth=364.19536pt
* \paperheight=273.14662pt
* \textwidth=307.28987pt
* \textheight=244.6939pt
* \oddsidemargin=-43.81725pt
* \evensidemargin=-43.81725pt
* \topmargin=-72.26999pt
* \headheight=14.22636pt
* \headsep=0.0pt
* \topskip=12.0pt
* \footskip=14.22636pt
* \marginparwidth=4.0pt
* \marginparsep=10.0pt
* \columnsep=10.0pt
* \skip\footins=10.8pt plus 4.0pt minus 2.0pt
* \hoffset=0.0pt
* \voffset=0.0pt
* \mag=1000
* \@twocolumnfalse
* \@twosidefalse
* \@mparswitchfalse
* \@reversemarginfalse
* (1in=72.27pt=25.4mm, 1cm=28.453pt)

(/usr/share/texlive/texmf-dist/tex/context/base/supp-pdf.mkii
[Loading MPS to PDF converter (version 2006.09.02).]
\scratchcounter=\count180
\scratchdimen=\dimen216
\scratchbox=\box89
\nofMPsegments=\count181
\nofMParguments=\count182
\everyMPshowfont=\toks47
\MPscratchCnt=\count183
\MPscratchDim=\dimen217
\MPnumerator=\count184
\makeMPintoPDFobject=\count185
\everyMPtoPDFconversion=\toks48
) ABD: EveryShipout initializing macros
\AtBeginShipoutBox=\box90
Package hyperref Info: Link coloring ON on input line 46.

(/usr/share/texlive/texmf-dist/tex/latex/hyperref/nameref.sty
Package: nameref 2012/10/27 v2.43 Cross-referencing by name of section

(/usr/share/texlive/texmf-dist/tex/generic/oberdiek/gettitlestring.sty
Package: gettitlestring 2010/12/03 v1.4 Cleanup title references (HO)
)
\c@section@level=\count186
)
LaTeX Info: Redefining \ref on input line 46.
LaTeX Info: Redefining \pageref on input line 46.
LaTeX Info: Redefining \nameref on input line 46.

(./JLA.out) (./JLA.out)
\@outlinefile=\write5
\openout5 = `JLA.out'.

LaTeX Font Info:    Overwriting symbol font `operators' in version `normal'
(Font)                  OT1/cmr/m/n --> OT1/cmss/m/n on input line 46.
LaTeX Font Info:    Overwriting symbol font `operators' in version `bold'
(Font)                  OT1/cmr/bx/n --> OT1/cmss/bx/n on input line 46.
\symnumbers=\mathgroup9
\sympureletters=\mathgroup10
LaTeX Font Info:    Overwriting math alphabet `\mathrm' in version `normal'
(Font)                  OT1/cmss/m/n --> T1/cmr/m/n on input line 46.
LaTeX Font Info:    Redeclaring math alphabet \mathbf on input line 46.
LaTeX Font Info:    Redeclaring math alphabet \mathsf on input line 46.
LaTeX Font Info:    Overwriting math alphabet `\mathsf' in version `normal'
(Font)                  OT1/cmss/m/n --> T1/cmss/m/n on input line 46.
LaTeX Font Info:    Overwriting math alphabet `\mathsf' in version `bold'
(Font)                  OT1/cmss/bx/n --> T1/cmss/m/n on input line 46.
LaTeX Font Info:    Redeclaring math alphabet \mathit on input line 46.
LaTeX Font Info:    Overwriting math alphabet `\mathit' in version `normal'
(Font)                  OT1/cmr/m/it --> T1/cmss/m/it on input line 46.
LaTeX Font Info:    Overwriting math alphabet `\mathit' in version `bold'
(Font)                  OT1/cmr/bx/it --> T1/cmss/m/it on input line 46.
LaTeX Font Info:    Redeclaring math alphabet \mathtt on input line 46.
LaTeX Font Info:    Overwriting math alphabet `\mathtt' in version `normal'
(Font)                  OT1/cmtt/m/n --> T1/cmtt/m/n on input line 46.
LaTeX Font Info:    Overwriting math alphabet `\mathtt' in version `bold'
(Font)                  OT1/cmtt/m/n --> T1/cmtt/m/n on input line 46.
LaTeX Font Info:    Overwriting symbol font `numbers' in version `bold'
(Font)                  T1/cmss/m/n --> T1/cmss/bx/n on input line 46.
LaTeX Font Info:    Overwriting symbol font `pureletters' in version `bold'
(Font)                  T1/cmss/m/it --> T1/cmss/bx/it on input line 46.
LaTeX Font Info:    Overwriting math alphabet `\mathrm' in version `bold'
(Font)                  OT1/cmss/bx/n --> T1/cmr/bx/n on input line 46.
LaTeX Font Info:    Overwriting math alphabet `\mathbf' in version `bold'
(Font)                  T1/cmss/bx/n --> T1/cmss/bx/n on input line 46.
LaTeX Font Info:    Overwriting math alphabet `\mathsf' in version `bold'
(Font)                  T1/cmss/m/n --> T1/cmss/bx/n on input line 46.
LaTeX Font Info:    Overwriting math alphabet `\mathit' in version `bold'
(Font)                  T1/cmss/m/it --> T1/cmss/bx/it on input line 46.
LaTeX Font Info:    Overwriting math alphabet `\mathtt' in version `bold'
(Font)                  T1/cmtt/m/n --> T1/cmtt/bx/n on input line 46.

(/usr/share/texmf/tex/latex/beamer/base/translator/dicts/translator-basic-dicti
onary/translator-basic-dictionary-English.dict
Dictionary: translator-basic-dictionary, Language: English 
)
(/usr/share/texmf/tex/latex/beamer/base/translator/dicts/translator-basic-dicti
onary/translator-basic-dictionary-French.dict
Dictionary: translator-basic-dictionary, Language: French 
)
(/usr/share/texmf/tex/latex/beamer/base/translator/dicts/translator-bibliograph
y-dictionary/translator-bibliography-dictionary-English.dict
Dictionary: translator-bibliography-dictionary, Language: English 
)
(/usr/share/texmf/tex/latex/beamer/base/translator/dicts/translator-bibliograph
y-dictionary/translator-bibliography-dictionary-French.dict
Dictionary: translator-bibliography-dictionary, Language: French 
)
(/usr/share/texmf/tex/latex/beamer/base/translator/dicts/translator-environment
-dictionary/translator-environment-dictionary-English.dict
Dictionary: translator-environment-dictionary, Language: English 
)
(/usr/share/texmf/tex/latex/beamer/base/translator/dicts/translator-environment
-dictionary/translator-environment-dictionary-French.dict
Dictionary: translator-environment-dictionary, Language: French 
)
(/usr/share/texmf/tex/latex/beamer/base/translator/dicts/translator-months-dict
ionary/translator-months-dictionary-English.dict
Dictionary: translator-months-dictionary, Language: English 
)
(/usr/share/texmf/tex/latex/beamer/base/translator/dicts/translator-months-dict
ionary/translator-months-dictionary-French.dict
Dictionary: translator-month-dictionary, Language: French 
)
(/usr/share/texmf/tex/latex/beamer/base/translator/dicts/translator-numbers-dic
tionary/translator-numbers-dictionary-English.dict
Dictionary: translator-numbers-dictionary, Language: English 
)
(/usr/share/texmf/tex/latex/beamer/base/translator/dicts/translator-numbers-dic
tionary/translator-numbers-dictionary-French.dict
Dictionary: translator-numbers-dictionary, Language: French 
)
(/usr/share/texmf/tex/latex/beamer/base/translator/dicts/translator-theorem-dic
tionary/translator-theorem-dictionary-English.dict
Dictionary: translator-theorem-dictionary, Language: English 
)
(/usr/share/texmf/tex/latex/beamer/base/translator/dicts/translator-theorem-dic
tionary/translator-theorem-dictionary-French.dict
Dictionary: translator-theorem-dictionary, Language: French 
)
LaTeX Info: Redefining \includegraphics on input line 46.

(/usr/share/texlive/texmf-dist/tex/latex/ucs/ucsencs.def
File: ucsencs.def 2011/01/21 Fixes to fontencodings LGR, T3
)
LaTeX Info: Redefining \degres on input line 46.


Package frenchb.ldf Warning: The definition of \@makecaption has been changed,
(frenchb.ldf)                frenchb will NOT customise it;
(frenchb.ldf)                reported on input line 46.

LaTeX Info: Redefining \dots on input line 46.

Package frenchb.ldf Warning: Setting StandardEnumerateEnv=true for
(frenchb.ldf)                compatibility with enumerate package,
(frenchb.ldf)                 on input line 46.

LaTeX Info: Redefining \up on input line 46.
(./JLA.nav) (/usr/share/texlive/texmf-dist/tex/latex/ucs/data/uni-0.def
File: uni-0.def 2013/05/13 UCS: Unicode data U+0000..U+00FF
)
<../Images/Square.png, id=56, 584.1825pt x 364.36125pt>
File: ../Images/Square.png Graphic file (type png)

<use ../Images/Square.png>
Package pdftex.def Info: ../Images/Square.png used on input line 53.
(pdftex.def)             Requested size: 116.83443pt x 72.87096pt.


LaTeX Font Warning: Font shape `T1/cmss/m/n' in size <4> not available
(Font)              size <5> substituted on input line 53.

LaTeX Font Info:    Try loading font information for U+msa on input line 64.
(/usr/share/texlive/texmf-dist/tex/latex/amsfonts/umsa.fd
File: umsa.fd 2013/01/14 v3.01 AMS symbols A
)
LaTeX Font Info:    Try loading font information for U+msb on input line 64.

(/usr/share/texlive/texmf-dist/tex/latex/amsfonts/umsb.fd
File: umsb.fd 2013/01/14 v3.01 AMS symbols B
) [2

{/var/lib/texmf/fonts/map/pdftex/updmap/pdftex.map}

 <../Images/Square.png>] [3


]
(/usr/share/texlive/texmf-dist/tex/latex/ucs/data/uni-32.def
File: uni-32.def 2013/05/13 UCS: Unicode data U+2000..U+20FF
) [4


] [5


] [6


]

LaTeX Font Warning: Font shape `T1/cmss/m/sc' undefined
(Font)              using `T1/cmss/m/n' instead on input line 118.

[7


] [8


] [9


] [10


] [11


] [12


] [13


] [14


] [15


] [16


] [17


]

pdfTeX warning: pdflatex (file ../Images/poussiere1D/1D1.pdf): PDF inclusion: f
ound PDF version <1.5>, but at most version <1.4> allowed
<../Images/poussiere1D/1D1.pdf, id=164, 623.05809pt x 157.35774pt>
File: ../Images/poussiere1D/1D1.pdf Graphic file (type pdf)

<use ../Images/poussiere1D/1D1.pdf>
Package pdftex.def Info: ../Images/poussiere1D/1D1.pdf used on input line 302.
(pdftex.def)             Requested size: 249.21881pt x 62.94197pt.


pdfTeX warning: pdflatex (file ../Images/poussiere1D/1D2.pdf): PDF inclusion: f
ound PDF version <1.5>, but at most version <1.4> allowed
<../Images/poussiere1D/1D2.pdf, id=165, 623.05809pt x 157.35774pt>
File: ../Images/poussiere1D/1D2.pdf Graphic file (type pdf)

<use ../Images/poussiere1D/1D2.pdf>
Package pdftex.def Info: ../Images/poussiere1D/1D2.pdf used on input line 302.
(pdftex.def)             Requested size: 249.21881pt x 62.94197pt.


pdfTeX warning: pdflatex (file ../Images/poussiere1D/1D3.pdf): PDF inclusion: f
ound PDF version <1.5>, but at most version <1.4> allowed
<../Images/poussiere1D/1D3.pdf, id=166, 623.05809pt x 157.35774pt>
File: ../Images/poussiere1D/1D3.pdf Graphic file (type pdf)

<use ../Images/poussiere1D/1D3.pdf>
Package pdftex.def Info: ../Images/poussiere1D/1D3.pdf used on input line 302.
(pdftex.def)             Requested size: 249.21881pt x 62.94197pt.


pdfTeX warning: pdflatex (file ../Images/poussiere1D/1D4.pdf): PDF inclusion: f
ound PDF version <1.5>, but at most version <1.4> allowed
<../Images/poussiere1D/1D4.pdf, id=167, 623.05809pt x 157.35774pt>
File: ../Images/poussiere1D/1D4.pdf Graphic file (type pdf)

<use ../Images/poussiere1D/1D4.pdf>
Package pdftex.def Info: ../Images/poussiere1D/1D4.pdf used on input line 302.
(pdftex.def)             Requested size: 249.21881pt x 62.94197pt.


pdfTeX warning: pdflatex (file ../Images/poussiere1D/1D5.pdf): PDF inclusion: f
ound PDF version <1.5>, but at most version <1.4> allowed
<../Images/poussiere1D/1D5.pdf, id=168, 623.05809pt x 157.35774pt>
File: ../Images/poussiere1D/1D5.pdf Graphic file (type pdf)

<use ../Images/poussiere1D/1D5.pdf>
Package pdftex.def Info: ../Images/poussiere1D/1D5.pdf used on input line 302.
(pdftex.def)             Requested size: 249.21881pt x 62.94197pt.


pdfTeX warning: pdflatex (file ../Images/poussiere1D/1D6.pdf): PDF inclusion: f
ound PDF version <1.5>, but at most version <1.4> allowed
<../Images/poussiere1D/1D6.pdf, id=169, 623.05809pt x 157.35774pt>
File: ../Images/poussiere1D/1D6.pdf Graphic file (type pdf)

<use ../Images/poussiere1D/1D6.pdf>
Package pdftex.def Info: ../Images/poussiere1D/1D6.pdf used on input line 302.
(pdftex.def)             Requested size: 249.21881pt x 62.94197pt.


pdfTeX warning: pdflatex (file ../Images/poussiere1D/1Df.pdf): PDF inclusion: f
ound PDF version <1.5>, but at most version <1.4> allowed
<../Images/poussiere1D/1Df.pdf, id=170, 623.05809pt x 157.35774pt>
File: ../Images/poussiere1D/1Df.pdf Graphic file (type pdf)

<use ../Images/poussiere1D/1Df.pdf>
Package pdftex.def Info: ../Images/poussiere1D/1Df.pdf used on input line 302.
(pdftex.def)             Requested size: 249.21881pt x 62.94197pt.

Overfull \hbox (1437.2418pt too wide) in paragraph at lines 302--302
 [][][][][][][] 
 []

[18


]

pdfTeX warning: pdflatex (file ../Images/CantorParfait.pdf): PDF inclusion: fou
nd PDF version <1.5>, but at most version <1.4> allowed
<../Images/CantorParfait.pdf, id=176, 599.16083pt x 115.35567pt>
File: ../Images/CantorParfait.pdf Graphic file (type pdf)

<use ../Images/CantorParfait.pdf>
Package pdftex.def Info: ../Images/CantorParfait.pdf used on input line 322.
(pdftex.def)             Requested size: 239.66008pt x 46.14143pt.
 [19


 <../Images/poussiere1D/1D1.pdf> <../Images/poussiere1D/1D2.pdf

pdfTeX warning: pdflatex (file ../Images/poussiere1D/1D2.pdf): PDF inclusion: m
ultiple pdfs with page group included in a single page
> <../Images/poussiere1D/1D3.pdf

pdfTeX warning: pdflatex (file ../Images/poussiere1D/1D3.pdf): PDF inclusion: m
ultiple pdfs with page group included in a single page
> <../Images/poussiere1D/1D4.pdf

pdfTeX warning: pdflatex (file ../Images/poussiere1D/1D4.pdf): PDF inclusion: m
ultiple pdfs with page group included in a single page
> <../Images/poussiere1D/1D5.pdf

pdfTeX warning: pdflatex (file ../Images/poussiere1D/1D5.pdf): PDF inclusion: m
ultiple pdfs with page group included in a single page
> <../Images/poussiere1D/1D6.pdf

pdfTeX warning: pdflatex (file ../Images/poussiere1D/1D6.pdf): PDF inclusion: m
ultiple pdfs with page group included in a single page
> <../Images/poussiere1D/1Df.pdf

pdfTeX warning: pdflatex (file ../Images/poussiere1D/1Df.pdf): PDF inclusion: m
ultiple pdfs with page group included in a single page
>]

pdfTeX warning: pdflatex (file ../Images/poussiere2D2/2D1.pdf): PDF inclusion: 
found PDF version <1.5>, but at most version <1.4> allowed
<../Images/poussiere2D2/2D1.pdf, id=192, 261.17883pt x 261.17883pt>
File: ../Images/poussiere2D2/2D1.pdf Graphic file (type pdf)

<use ../Images/poussiere2D2/2D1.pdf>
Package pdftex.def Info: ../Images/poussiere2D2/2D1.pdf used on input line 340.

(pdftex.def)             Requested size: 261.17819pt x 261.17819pt.


pdfTeX warning: pdflatex (file ../Images/poussiere2D2/2D2.pdf): PDF inclusion: 
found PDF version <1.5>, but at most version <1.4> allowed
<../Images/poussiere2D2/2D2.pdf, id=193, 261.17883pt x 261.17883pt>
File: ../Images/poussiere2D2/2D2.pdf Graphic file (type pdf)

<use ../Images/poussiere2D2/2D2.pdf>
Package pdftex.def Info: ../Images/poussiere2D2/2D2.pdf used on input line 340.

(pdftex.def)             Requested size: 261.17819pt x 261.17819pt.


pdfTeX warning: pdflatex (file ../Images/poussiere2D2/2D3.pdf): PDF inclusion: 
found PDF version <1.5>, but at most version <1.4> allowed
<../Images/poussiere2D2/2D3.pdf, id=194, 261.17883pt x 261.17883pt>
File: ../Images/poussiere2D2/2D3.pdf Graphic file (type pdf)

<use ../Images/poussiere2D2/2D3.pdf>
Package pdftex.def Info: ../Images/poussiere2D2/2D3.pdf used on input line 340.

(pdftex.def)             Requested size: 261.17819pt x 261.17819pt.


pdfTeX warning: pdflatex (file ../Images/poussiere2D2/2D4.pdf): PDF inclusion: 
found PDF version <1.5>, but at most version <1.4> allowed
<../Images/poussiere2D2/2D4.pdf, id=195, 261.17883pt x 261.17883pt>
File: ../Images/poussiere2D2/2D4.pdf Graphic file (type pdf)

<use ../Images/poussiere2D2/2D4.pdf>
Package pdftex.def Info: ../Images/poussiere2D2/2D4.pdf used on input line 340.

(pdftex.def)             Requested size: 261.17819pt x 261.17819pt.


pdfTeX warning: pdflatex (file ../Images/poussiere2D2/2D5.pdf): PDF inclusion: 
found PDF version <1.5>, but at most version <1.4> allowed
<../Images/poussiere2D2/2D5.pdf, id=196, 261.17883pt x 261.17883pt>
File: ../Images/poussiere2D2/2D5.pdf Graphic file (type pdf)

<use ../Images/poussiere2D2/2D5.pdf>
Package pdftex.def Info: ../Images/poussiere2D2/2D5.pdf used on input line 340.

(pdftex.def)             Requested size: 261.17819pt x 261.17819pt.


pdfTeX warning: pdflatex (file ../Images/poussiere2D2/2D6.pdf): PDF inclusion: 
found PDF version <1.5>, but at most version <1.4> allowed
<../Images/poussiere2D2/2D6.pdf, id=197, 261.17883pt x 261.17883pt>
File: ../Images/poussiere2D2/2D6.pdf Graphic file (type pdf)

<use ../Images/poussiere2D2/2D6.pdf>
Package pdftex.def Info: ../Images/poussiere2D2/2D6.pdf used on input line 340.

(pdftex.def)             Requested size: 261.17819pt x 261.17819pt.


pdfTeX warning: pdflatex (file ../Images/poussiere2D2/2Df.pdf): PDF inclusion: 
found PDF version <1.5>, but at most version <1.4> allowed
<../Images/poussiere2D2/2Df.pdf, id=198, 261.17883pt x 261.17883pt>
File: ../Images/poussiere2D2/2Df.pdf Graphic file (type pdf)

<use ../Images/poussiere2D2/2Df.pdf>
Package pdftex.def Info: ../Images/poussiere2D2/2Df.pdf used on input line 340.

(pdftex.def)             Requested size: 261.17819pt x 261.17819pt.

Overfull \hbox (1520.95747pt too wide) in paragraph at lines 340--340
 [][][][][][][] 
 []


Overfull \vbox (17.53157pt too high) detected at line 340
 []

[20


 <../Images/CantorParfait.pdf>] [21


 <../Images/poussiere2D2/2D1.pdf> <../Images/poussiere2D2/2D2.pdf

pdfTeX warning: pdflatex (file ../Images/poussiere2D2/2D2.pdf): PDF inclusion: 
multiple pdfs with page group included in a single page
> <../Images/poussiere2D2/2D3.pdf

pdfTeX warning: pdflatex (file ../Images/poussiere2D2/2D3.pdf): PDF inclusion: 
multiple pdfs with page group included in a single page
> <../Images/poussiere2D2/2D4.pdf

pdfTeX warning: pdflatex (file ../Images/poussiere2D2/2D4.pdf): PDF inclusion: 
multiple pdfs with page group included in a single page
> <../Images/poussiere2D2/2D5.pdf

pdfTeX warning: pdflatex (file ../Images/poussiere2D2/2D5.pdf): PDF inclusion: 
multiple pdfs with page group included in a single page
> <../Images/poussiere2D2/2D6.pdf

pdfTeX warning: pdflatex (file ../Images/poussiere2D2/2D6.pdf): PDF inclusion: 
multiple pdfs with page group included in a single page
> <../Images/poussiere2D2/2Df.pdf

pdfTeX warning: pdflatex (file ../Images/poussiere2D2/2Df.pdf): PDF inclusion: 
multiple pdfs with page group included in a single page
>] <../Images/poussiere3D/Poussiere_Cantor_3D.png, id=222, 803.0pt x 602.25pt>
File: ../Images/poussiere3D/Poussiere_Cantor_3D.png Graphic file (type png)

<use ../Images/poussiere3D/Poussiere_Cantor_3D.png>
Package pdftex.def Info: ../Images/poussiere3D/Poussiere_Cantor_3D.png used on 
input line 364.
(pdftex.def)             Requested size: 281.05421pt x 210.79065pt.
 [22


]
*geometry* verbose mode - [ newgeometry ] result:
* driver: pdftex
* paper: custom
* layout: <same size as paper>
* layoutoffset:(h,v)=(0.0pt,0.0pt)
* modes: 
* h-part:(L,W,R)=(0.0pt, 364.19536pt, 0.0pt)
* v-part:(T,H,B)=(0.0pt, 273.14662pt, 0.0pt)
* \paperwidth=364.19536pt
* \paperheight=273.14662pt
* \textwidth=364.19536pt
* \textheight=273.14662pt
* \oddsidemargin=-72.26999pt
* \evensidemargin=-72.26999pt
* \topmargin=-86.49635pt
* \headheight=14.22636pt
* \headsep=0.0pt
* \topskip=12.0pt
* \footskip=14.22636pt
* \marginparwidth=4.0pt
* \marginparsep=10.0pt
* \columnsep=10.0pt
* \skip\footins=10.8pt plus 4.0pt minus 2.0pt
* \hoffset=0.0pt
* \voffset=0.0pt
* \mag=1000
* \@twocolumnfalse
* \@twosidefalse
* \@mparswitchfalse
* \@reversemarginfalse
* (1in=72.27pt=25.4mm, 1cm=28.453pt)


<../Images/Menger.png, id=228, 4015.0pt x 3011.25pt>
File: ../Images/Menger.png Graphic file (type png)

<use ../Images/Menger.png>
Package pdftex.def Info: ../Images/Menger.png used on input line 366.
(pdftex.def)             Requested size: 364.19536pt x 273.11441pt.

Overfull \vbox (0.96779pt too high) detected at line 366
 []

[23


 <../Images/poussiere3D/Poussiere_Cantor_3D.png>] [24



 <../Images/Menger.png (PNG copy)>]

pdfTeX warning: pdflatex (file ../Images/Theoreme/T0.pdf): PDF inclusion: found
 PDF version <1.5>, but at most version <1.4> allowed
<../Images/Theoreme/T0.pdf, id=240, 1606.0pt x 1606.0pt>
File: ../Images/Theoreme/T0.pdf Graphic file (type pdf)

<use ../Images/Theoreme/T0.pdf>
Package pdftex.def Info: ../Images/Theoreme/T0.pdf used on input line 398.
(pdftex.def)             Requested size: 160.6094pt x 160.6094pt.


pdfTeX warning: pdflatex (file ../Images/Theoreme/T1.pdf): PDF inclusion: found
 PDF version <1.5>, but at most version <1.4> allowed
<../Images/Theoreme/T1.pdf, id=241, 1606.0pt x 1606.0pt>
File: ../Images/Theoreme/T1.pdf Graphic file (type pdf)

<use ../Images/Theoreme/T1.pdf>
Package pdftex.def Info: ../Images/Theoreme/T1.pdf used on input line 398.
(pdftex.def)             Requested size: 160.6094pt x 160.6094pt.


pdfTeX warning: pdflatex (file ../Images/Theoreme/T2.pdf): PDF inclusion: found
 PDF version <1.5>, but at most version <1.4> allowed
<../Images/Theoreme/T2.pdf, id=242, 1606.0pt x 1606.0pt>
File: ../Images/Theoreme/T2.pdf Graphic file (type pdf)

<use ../Images/Theoreme/T2.pdf>
Package pdftex.def Info: ../Images/Theoreme/T2.pdf used on input line 398.
(pdftex.def)             Requested size: 160.6094pt x 160.6094pt.


pdfTeX warning: pdflatex (file ../Images/Theoreme/T3.pdf): PDF inclusion: found
 PDF version <1.5>, but at most version <1.4> allowed
<../Images/Theoreme/T3.pdf, id=243, 1606.0pt x 1606.0pt>
File: ../Images/Theoreme/T3.pdf Graphic file (type pdf)

<use ../Images/Theoreme/T3.pdf>
Package pdftex.def Info: ../Images/Theoreme/T3.pdf used on input line 398.
(pdftex.def)             Requested size: 160.6094pt x 160.6094pt.


pdfTeX warning: pdflatex (file ../Images/Theoreme/T4.pdf): PDF inclusion: found
 PDF version <1.5>, but at most version <1.4> allowed
<../Images/Theoreme/T4.pdf, id=244, 1606.0pt x 1606.0pt>
File: ../Images/Theoreme/T4.pdf Graphic file (type pdf)

<use ../Images/Theoreme/T4.pdf>
Package pdftex.def Info: ../Images/Theoreme/T4.pdf used on input line 398.
(pdftex.def)             Requested size: 160.6094pt x 160.6094pt.


pdfTeX warning: pdflatex (file ../Images/Theoreme/T5.pdf): PDF inclusion: found
 PDF version <1.5>, but at most version <1.4> allowed
<../Images/Theoreme/T5.pdf, id=245, 1606.0pt x 1606.0pt>
File: ../Images/Theoreme/T5.pdf Graphic file (type pdf)

<use ../Images/Theoreme/T5.pdf>
Package pdftex.def Info: ../Images/Theoreme/T5.pdf used on input line 398.
(pdftex.def)             Requested size: 160.6094pt x 160.6094pt.


pdfTeX warning: pdflatex (file ../Images/Theoreme/T6.pdf): PDF inclusion: found
 PDF version <1.5>, but at most version <1.4> allowed
<../Images/Theoreme/T6.pdf, id=246, 1606.0pt x 1606.0pt>
File: ../Images/Theoreme/T6.pdf Graphic file (type pdf)

<use ../Images/Theoreme/T6.pdf>
Package pdftex.def Info: ../Images/Theoreme/T6.pdf used on input line 398.
(pdftex.def)             Requested size: 160.6094pt x 160.6094pt.


pdfTeX warning: pdflatex (file ../Images/Theoreme/T7.pdf): PDF inclusion: found
 PDF version <1.5>, but at most version <1.4> allowed
<../Images/Theoreme/T7.pdf, id=247, 1606.0pt x 1606.0pt>
File: ../Images/Theoreme/T7.pdf Graphic file (type pdf)

<use ../Images/Theoreme/T7.pdf>
Package pdftex.def Info: ../Images/Theoreme/T7.pdf used on input line 398.
(pdftex.def)             Requested size: 160.6094pt x 160.6094pt.


pdfTeX warning: pdflatex (file ../Images/Theoreme/T8.pdf): PDF inclusion: found
 PDF version <1.5>, but at most version <1.4> allowed
<../Images/Theoreme/T8.pdf, id=248, 1606.0pt x 1606.0pt>
File: ../Images/Theoreme/T8.pdf Graphic file (type pdf)

<use ../Images/Theoreme/T8.pdf>
Package pdftex.def Info: ../Images/Theoreme/T8.pdf used on input line 398.
(pdftex.def)             Requested size: 160.6094pt x 160.6094pt.

Overfull \hbox (1138.19478pt too wide) in paragraph at lines 398--398
 [][][][][][][][][] 
 []

[25


]
Overfull \vbox (6.98213pt too high) detected at line 398
 []

File: ../Images/poussiere3D/Poussiere_Cantor_3D.png Graphic file (type png)
<use ../Images/poussiere3D/Poussiere_Cantor_3D.png>
Package pdftex.def Info: ../Images/poussiere3D/Poussiere_Cantor_3D.png used on 
input line 412.
(pdftex.def)             Requested size: 120.4448pt x 90.33359pt.
File: ../Images/poussiere1D/1Df.pdf Graphic file (type pdf)

<use ../Images/poussiere1D/1Df.pdf>
Package pdftex.def Info: ../Images/poussiere1D/1Df.pdf used on input line 412.
(pdftex.def)             Requested size: 93.45468pt x 23.60263pt.
 [26


 <../Images/Theoreme/T0.pdf> <../Images/Theoreme/T1.pdf

pdfTeX warning: pdflatex (file ../Images/Theoreme/T1.pdf): PDF inclusion: multi
ple pdfs with page group included in a single page
> <../Images/Theoreme/T2.pdf

pdfTeX warning: pdflatex (file ../Images/Theoreme/T2.pdf): PDF inclusion: multi
ple pdfs with page group included in a single page
> <../Images/Theoreme/T3.pdf

pdfTeX warning: pdflatex (file ../Images/Theoreme/T3.pdf): PDF inclusion: multi
ple pdfs with page group included in a single page
> <../Images/Theoreme/T4.pdf

pdfTeX warning: pdflatex (file ../Images/Theoreme/T4.pdf): PDF inclusion: multi
ple pdfs with page group included in a single page
> <../Images/Theoreme/T5.pdf

pdfTeX warning: pdflatex (file ../Images/Theoreme/T5.pdf): PDF inclusion: multi
ple pdfs with page group included in a single page
> <../Images/Theoreme/T6.pdf

pdfTeX warning: pdflatex (file ../Images/Theoreme/T6.pdf): PDF inclusion: multi
ple pdfs with page group included in a single page
> <../Images/Theoreme/T7.pdf

pdfTeX warning: pdflatex (file ../Images/Theoreme/T7.pdf): PDF inclusion: multi
ple pdfs with page group included in a single page
> <../Images/Theoreme/T8.pdf

pdfTeX warning: pdflatex (file ../Images/Theoreme/T8.pdf): PDF inclusion: multi
ple pdfs with page group included in a single page
>] (./JLA.toc) [27


] <../Images/Antoine2.jpg, id=280, 140.9265pt x 180.675pt>
File: ../Images/Antoine2.jpg Graphic file (type jpg)

<use ../Images/Antoine2.jpg>
Package pdftex.def Info: ../Images/Antoine2.jpg used on input line 427.
(pdftex.def)             Requested size: 140.92615pt x 180.67455pt.
 [28


]
<../Images/Antoine.jpg, id=287, 264.99pt x 327.2225pt>
File: ../Images/Antoine.jpg Graphic file (type jpg)

<use ../Images/Antoine.jpg>
Package pdftex.def Info: ../Images/Antoine.jpg used on input line 436.
(pdftex.def)             Requested size: 198.742pt x 245.41626pt.
 [29


 <../Images/Antoine2.jpg>] (./JLA.toc) [30


 <../Images/Antoine.jpg>]
*geometry* verbose mode - [ newgeometry ] result:
* driver: pdftex
* paper: custom
* layout: <same size as paper>
* layoutoffset:(h,v)=(0.0pt,0.0pt)
* modes: 
* h-part:(L,W,R)=(0.0pt, 364.19536pt, 0.0pt)
* v-part:(T,H,B)=(0.0pt, 273.14662pt, 0.0pt)
* \paperwidth=364.19536pt
* \paperheight=273.14662pt
* \textwidth=364.19536pt
* \textheight=273.14662pt
* \oddsidemargin=-72.26999pt
* \evensidemargin=-72.26999pt
* \topmargin=-86.49635pt
* \headheight=14.22636pt
* \headsep=0.0pt
* \topskip=12.0pt
* \footskip=14.22636pt
* \marginparwidth=4.0pt
* \marginparsep=10.0pt
* \columnsep=10.0pt
* \skip\footins=10.8pt plus 4.0pt minus 2.0pt
* \hoffset=0.0pt
* \voffset=0.0pt
* \mag=1000
* \@twocolumnfalse
* \@twosidefalse
* \@mparswitchfalse
* \@reversemarginfalse
* (1in=72.27pt=25.4mm, 1cm=28.453pt)


<../Images/Iterations/1.png, id=305, 2055.68pt x 1541.76pt>
File: ../Images/Iterations/1.png Graphic file (type png)

<use ../Images/Iterations/1.png>
Package pdftex.def Info: ../Images/Iterations/1.png used on input line 446.
(pdftex.def)             Requested size: 364.19536pt x 273.1291pt.

Overfull \vbox (0.98248pt too high) detected at line 446
 []

[31


]
*geometry* verbose mode - [ newgeometry ] result:
* driver: pdftex
* paper: custom
* layout: <same size as paper>
* layoutoffset:(h,v)=(0.0pt,0.0pt)
* modes: 
* h-part:(L,W,R)=(0.0pt, 364.19536pt, 0.0pt)
* v-part:(T,H,B)=(0.0pt, 273.14662pt, 0.0pt)
* \paperwidth=364.19536pt
* \paperheight=273.14662pt
* \textwidth=364.19536pt
* \textheight=273.14662pt
* \oddsidemargin=-72.26999pt
* \evensidemargin=-72.26999pt
* \topmargin=-86.49635pt
* \headheight=14.22636pt
* \headsep=0.0pt
* \topskip=12.0pt
* \footskip=14.22636pt
* \marginparwidth=4.0pt
* \marginparsep=10.0pt
* \columnsep=10.0pt
* \skip\footins=10.8pt plus 4.0pt minus 2.0pt
* \hoffset=0.0pt
* \voffset=0.0pt
* \mag=1000
* \@twocolumnfalse
* \@twosidefalse
* \@mparswitchfalse
* \@reversemarginfalse
* (1in=72.27pt=25.4mm, 1cm=28.453pt)

 <../Images/Iterations/2.png, id=312, 2055.68pt x 1541.76pt>
File: ../Images/Iterations/2.png Graphic file (type png)

<use ../Images/Iterations/2.png>
Package pdftex.def Info: ../Images/Iterations/2.png used on input line 447.
(pdftex.def)             Requested size: 364.19536pt x 273.1291pt.

Overfull \vbox (0.98248pt too high) detected at line 447
 []

[32



 <../Images/Iterations/1.png>]
*geometry* verbose mode - [ newgeometry ] result:
* driver: pdftex
* paper: custom
* layout: <same size as paper>
* layoutoffset:(h,v)=(0.0pt,0.0pt)
* modes: 
* h-part:(L,W,R)=(0.0pt, 364.19536pt, 0.0pt)
* v-part:(T,H,B)=(0.0pt, 273.14662pt, 0.0pt)
* \paperwidth=364.19536pt
* \paperheight=273.14662pt
* \textwidth=364.19536pt
* \textheight=273.14662pt
* \oddsidemargin=-72.26999pt
* \evensidemargin=-72.26999pt
* \topmargin=-86.49635pt
* \headheight=14.22636pt
* \headsep=0.0pt
* \topskip=12.0pt
* \footskip=14.22636pt
* \marginparwidth=4.0pt
* \marginparsep=10.0pt
* \columnsep=10.0pt
* \skip\footins=10.8pt plus 4.0pt minus 2.0pt
* \hoffset=0.0pt
* \voffset=0.0pt
* \mag=1000
* \@twocolumnfalse
* \@twosidefalse
* \@mparswitchfalse
* \@reversemarginfalse
* (1in=72.27pt=25.4mm, 1cm=28.453pt)


<../Images/Iterations/3.png, id=318, 2055.68pt x 1541.76pt>
File: ../Images/Iterations/3.png Graphic file (type png)

<use ../Images/Iterations/3.png>
Package pdftex.def Info: ../Images/Iterations/3.png used on input line 448.
(pdftex.def)             Requested size: 364.19536pt x 273.1291pt.

Overfull \vbox (0.98248pt too high) detected at line 448
 []

[33



 <../Images/Iterations/2.png>]
*geometry* verbose mode - [ newgeometry ] result:
* driver: pdftex
* paper: custom
* layout: <same size as paper>
* layoutoffset:(h,v)=(0.0pt,0.0pt)
* modes: 
* h-part:(L,W,R)=(0.0pt, 364.19536pt, 0.0pt)
* v-part:(T,H,B)=(0.0pt, 273.14662pt, 0.0pt)
* \paperwidth=364.19536pt
* \paperheight=273.14662pt
* \textwidth=364.19536pt
* \textheight=273.14662pt
* \oddsidemargin=-72.26999pt
* \evensidemargin=-72.26999pt
* \topmargin=-86.49635pt
* \headheight=14.22636pt
* \headsep=0.0pt
* \topskip=12.0pt
* \footskip=14.22636pt
* \marginparwidth=4.0pt
* \marginparsep=10.0pt
* \columnsep=10.0pt
* \skip\footins=10.8pt plus 4.0pt minus 2.0pt
* \hoffset=0.0pt
* \voffset=0.0pt
* \mag=1000
* \@twocolumnfalse
* \@twosidefalse
* \@mparswitchfalse
* \@reversemarginfalse
* (1in=72.27pt=25.4mm, 1cm=28.453pt)


<../Images/Iterations/4.png, id=324, 2055.68pt x 1541.76pt>
File: ../Images/Iterations/4.png Graphic file (type png)

<use ../Images/Iterations/4.png>
Package pdftex.def Info: ../Images/Iterations/4.png used on input line 449.
(pdftex.def)             Requested size: 364.19536pt x 273.1291pt.

Overfull \vbox (0.98248pt too high) detected at line 449
 []

[34



 <../Images/Iterations/3.png>]
*geometry* verbose mode - [ newgeometry ] result:
* driver: pdftex
* paper: custom
* layout: <same size as paper>
* layoutoffset:(h,v)=(0.0pt,0.0pt)
* modes: 
* h-part:(L,W,R)=(0.0pt, 364.19536pt, 0.0pt)
* v-part:(T,H,B)=(0.0pt, 273.14662pt, 0.0pt)
* \paperwidth=364.19536pt
* \paperheight=273.14662pt
* \textwidth=364.19536pt
* \textheight=273.14662pt
* \oddsidemargin=-72.26999pt
* \evensidemargin=-72.26999pt
* \topmargin=-86.49635pt
* \headheight=14.22636pt
* \headsep=0.0pt
* \topskip=12.0pt
* \footskip=14.22636pt
* \marginparwidth=4.0pt
* \marginparsep=10.0pt
* \columnsep=10.0pt
* \skip\footins=10.8pt plus 4.0pt minus 2.0pt
* \hoffset=0.0pt
* \voffset=0.0pt
* \mag=1000
* \@twocolumnfalse
* \@twosidefalse
* \@mparswitchfalse
* \@reversemarginfalse
* (1in=72.27pt=25.4mm, 1cm=28.453pt)


<../Images/Iterations/5.png, id=330, 2055.68pt x 1541.76pt>
File: ../Images/Iterations/5.png Graphic file (type png)

<use ../Images/Iterations/5.png>
Package pdftex.def Info: ../Images/Iterations/5.png used on input line 450.
(pdftex.def)             Requested size: 364.19536pt x 273.1291pt.

Overfull \vbox (0.98248pt too high) detected at line 450
 []

[35



 <../Images/Iterations/4.png>] [36



 <../Images/Iterations/5.png>] [37


]
File: ../Images/poussiere3D/Poussiere_Cantor_3D.png Graphic file (type png)

<use ../Images/poussiere3D/Poussiere_Cantor_3D.png>
Package pdftex.def Info: ../Images/poussiere3D/Poussiere_Cantor_3D.png used on 
input line 493.
(pdftex.def)             Requested size: 160.59715pt x 120.44786pt.
 [38


]
<../Images/collier.png, id=353, 903.375pt x 526.96875pt>
File: ../Images/collier.png Graphic file (type png)

<use ../Images/collier.png>
Package pdftex.def Info: ../Images/collier.png used on input line 506.
(pdftex.def)             Requested size: 135.5004pt x 79.0419pt.
File: ../Images/poussiere3D/Poussiere_Cantor_3D.png Graphic file (type png)

<use ../Images/poussiere3D/Poussiere_Cantor_3D.png>
Package pdftex.def Info: ../Images/poussiere3D/Poussiere_Cantor_3D.png used on 
input line 506.
(pdftex.def)             Requested size: 120.4448pt x 90.33359pt.
 [39


] [40


 <../Images/collier.png>]
*geometry* verbose mode - [ newgeometry ] result:
* driver: pdftex
* paper: custom
* layout: <same size as paper>
* layoutoffset:(h,v)=(0.0pt,0.0pt)
* modes: 
* h-part:(L,W,R)=(0.0pt, 364.19536pt, 0.0pt)
* v-part:(T,H,B)=(0.0pt, 273.14662pt, 0.0pt)
* \paperwidth=364.19536pt
* \paperheight=273.14662pt
* \textwidth=364.19536pt
* \textheight=273.14662pt
* \oddsidemargin=-72.26999pt
* \evensidemargin=-72.26999pt
* \topmargin=-86.49635pt
* \headheight=14.22636pt
* \headsep=0.0pt
* \topskip=12.0pt
* \footskip=14.22636pt
* \marginparwidth=4.0pt
* \marginparsep=10.0pt
* \columnsep=10.0pt
* \skip\footins=10.8pt plus 4.0pt minus 2.0pt
* \hoffset=0.0pt
* \voffset=0.0pt
* \mag=1000
* \@twocolumnfalse
* \@twosidefalse
* \@mparswitchfalse
* \@reversemarginfalse
* (1in=72.27pt=25.4mm, 1cm=28.453pt)

 <../Images/Iterations/homotopie.png, id=363, 2055.68pt x 1541.76pt>
File: ../Images/Iterations/homotopie.png Graphic file (type png)

<use ../Images/Iterations/homotopie.png>
Package pdftex.def Info: ../Images/Iterations/homotopie.png used on input line 
518.
(pdftex.def)             Requested size: 364.19536pt x 273.1291pt.

Overfull \vbox (0.98248pt too high) detected at line 518
 []

[41


] [42



 <../Images/Iterations/homotopie.png>] [43


] [44


] (./JLA.toc) [45


]
[46


]

pdfTeX warning: pdflatex (file ../Images/Trefle.pdf): PDF inclusion: found PDF 
version <1.5>, but at most version <1.4> allowed
<../Images/Trefle.pdf, id=396, 200.75pt x 200.75pt>
File: ../Images/Trefle.pdf Graphic file (type pdf)
 <use ../Images/Trefle.pdf>
Package pdftex.def Info: ../Images/Trefle.pdf used on input line 585.
(pdftex.def)             Requested size: 100.37474pt x 100.37474pt.

<../Images/Fox-artin.png, id=397, 508.8398pt x 106.14656pt>
File: ../Images/Fox-artin.png Graphic file (type png)

<use ../Images/Fox-artin.png>
Package pdftex.def Info: ../Images/Fox-artin.png used on input line 585.
(pdftex.def)             Requested size: 254.41927pt x 53.07315pt.

Overfull \vbox (17.49988pt too high) detected at line 585
 []

[47


] <../Images/ASH/AHS_0.png, id=403, 558.888pt x 595.023pt>
File: ../Images/ASH/AHS_0.png Graphic file (type png)

<use ../Images/ASH/AHS_0.png>
Package pdftex.def Info: ../Images/ASH/AHS_0.png used on input line 602.
(pdftex.def)             Requested size: 223.55124pt x 238.00497pt.

<../Images/ASH/AHS_1.png, id=404, 558.888pt x 595.023pt>
File: ../Images/ASH/AHS_1.png Graphic file (type png)

<use ../Images/ASH/AHS_1.png>
Package pdftex.def Info: ../Images/ASH/AHS_1.png used on input line 602.
(pdftex.def)             Requested size: 223.55124pt x 238.00497pt.

<../Images/ASH/AHS_2.png, id=405, 309.958pt x 341.275pt>
File: ../Images/ASH/AHS_2.png Graphic file (type png)

<use ../Images/ASH/AHS_2.png>
Package pdftex.def Info: ../Images/ASH/AHS_2.png used on input line 602.
(pdftex.def)             Requested size: 154.9786pt x 170.63707pt.

<../Images/ASH/AHS_3.png, id=406, 309.958pt x 341.275pt>
File: ../Images/ASH/AHS_3.png Graphic file (type png)

<use ../Images/ASH/AHS_3.png>
Package pdftex.def Info: ../Images/ASH/AHS_3.png used on input line 602.
(pdftex.def)             Requested size: 154.9786pt x 170.63707pt.

<../Images/ASH/AHS_4.png, id=407, 316.5426pt x 354.123pt>
File: ../Images/ASH/AHS_4.png Graphic file (type png)

<use ../Images/ASH/AHS_4.png>
Package pdftex.def Info: ../Images/ASH/AHS_4.png used on input line 602.
(pdftex.def)             Requested size: 158.2709pt x 177.06105pt.

Overfull \hbox (608.04073pt too wide) in paragraph at lines 602--602
 [][][][][] 
 []

[48


 <../Images/Trefle.pdf> <../Images/Fox-artin.png>] (./JLA.bbl) [49


 <../Images/ASH/AHS_0.png> <../Images/ASH/AHS_1.png> <../Images/ASH/AHS_2.png> 
<../Images/ASH/AHS_3.png> <../Images/ASH/AHS_4.png>] [50


 </usr/share/texmf/tex/latex/beamer/base/art/beamericonarticle.pdf>]
\tf@nav=\write6
\openout6 = `JLA.nav'.

\tf@toc=\write7
\openout7 = `JLA.toc'.

\tf@snm=\write8
\openout8 = `JLA.snm'.

 [51


]
Package atveryend Info: Empty hook `BeforeClearDocument' on input line 620.
Package atveryend Info: Empty hook `AfterLastShipout' on input line 620.
 (./JLA.aux)
Package atveryend Info: Executing hook `AtVeryEndDocument' on input line 620.
Package atveryend Info: Executing hook `AtEndAfterFileList' on input line 620.
Package rerunfilecheck Info: File `JLA.out' has not changed.
(rerunfilecheck)             Checksum: 1E16F85DD88329494C12DACC472325AE;699.


LaTeX Font Warning: Size substitutions with differences
(Font)              up to 1.0pt have occurred.


LaTeX Font Warning: Some font shapes were not available, defaults substituted.

Package atveryend Info: Empty hook `AtVeryVeryEnd' on input line 620.
 ) 
Here is how much of TeX's memory you used:
 23163 strings out of 493308
 431042 string characters out of 6140093
 556781 words of memory out of 5000000
 25896 multiletter control sequences out of 15000+600000
 34085 words of font info for 91 fonts, out of 8000000 for 9000
 957 hyphenation exceptions out of 8191
 50i,13n,61p,423b,690s stack positions out of 5000i,500n,10000p,200000b,80000s
{/usr/share/texmf/fonts/enc/dvips/cm-super/cm-super-t1.enc}</usr/share/texliv
e/texmf-dist/fonts/type1/public/amsfonts/cm/cmex10.pfb></usr/share/texlive/texm
f-dist/fonts/type1/public/amsfonts/cm/cmmi10.pfb></usr/share/texlive/texmf-dist
/fonts/type1/public/amsfonts/cm/cmmi12.pfb></usr/share/texlive/texmf-dist/fonts
/type1/public/amsfonts/cm/cmmi8.pfb></usr/share/texlive/texmf-dist/fonts/type1/
public/amsfonts/cm/cmss10.pfb></usr/share/texlive/texmf-dist/fonts/type1/public
/amsfonts/cm/cmss12.pfb></usr/share/texlive/texmf-dist/fonts/type1/public/amsfo
nts/cm/cmsy10.pfb></usr/share/texlive/texmf-dist/fonts/type1/public/amsfonts/cm
/cmsy8.pfb></usr/share/texlive/texmf-dist/fonts/type1/public/amsfonts/symbols/m
sam10.pfb></usr/share/texlive/texmf-dist/fonts/type1/public/amsfonts/symbols/ms
bm10.pfb></usr/share/texmf/fonts/type1/public/cm-super/sfsi0800.pfb></usr/share
/texmf/fonts/type1/public/cm-super/sfsi1095.pfb></usr/share/texmf/fonts/type1/p
ublic/cm-super/sfsi1200.pfb></usr/share/texmf/fonts/type1/public/cm-super/sfsi1
728.pfb></usr/share/texmf/fonts/type1/public/cm-super/sfso1200.pfb></usr/share/
texmf/fonts/type1/public/cm-super/sfss0800.pfb></usr/share/texmf/fonts/type1/pu
blic/cm-super/sfss1095.pfb></usr/share/texmf/fonts/type1/public/cm-super/sfss12
00.pfb></usr/share/texmf/fonts/type1/public/cm-super/sfss1440.pfb></usr/share/t
exmf/fonts/type1/public/cm-super/sfss1728.pfb></usr/share/texmf/fonts/type1/pub
lic/cm-super/sfsx1095.pfb></usr/share/texmf/fonts/type1/public/cm-super/sfsx120
0.pfb>
Output written on JLA.pdf (50 pages, 16296126 bytes).
PDF statistics:
 545 PDF objects out of 1000 (max. 8388607)
 119 named destinations out of 1000 (max. 500000)
 346 words of extra memory for PDF output out of 10000 (max. 10000000)

